1590276029260	mozrunner::runner	INFO	Running command: "C:\\Program Files\\Firefox Developer Edition\\firefox.exe" "-marionette" "-foreground" "-no-remote" "-profile" "C:\\Users\\Youcode\\AppData\\Local\\Temp\\rust_mozprofilexnNXQ4"
1590276334678	mozrunner::runner	INFO	Running command: "C:\\Program Files\\Firefox Developer Edition\\firefox.exe" "-marionette" "-foreground" "-no-remote" "-profile" "C:\\Users\\Youcode\\AppData\\Local\\Temp\\rust_mozprofilezVCNL0"
JavaScript error: resource://gre/modules/XULStore.jsm, line 66: Error: Can't find profile directory.
1590276337513	Marionette	INFO	Listening on port 56700
1590276337890	Marionette	WARN	TLS certificate errors will be ignored for this session

###!!! [Child][RunMessage] Error: Channel closing: too late to send/recv, messages will be lost

1590276340637	Marionette	INFO	Stopped listening on port 56700

###!!! [Child][MessageChannel::SendAndWait] Error: Channel error: cannot send/recv

1590276471650	mozrunner::runner	INFO	Running command: "C:\\Program Files\\Firefox Developer Edition\\firefox.exe" "-marionette" "-foreground" "-no-remote" "-profile" "C:\\Users\\Youcode\\AppData\\Local\\Temp\\rust_mozprofile6aLSo5"
JavaScript error: resource://gre/modules/XULStore.jsm, line 66: Error: Can't find profile directory.
1590276475334	Marionette	INFO	Listening on port 56766
1590276475467	Marionette	WARN	TLS certificate errors will be ignored for this session
JavaScript error: resource://gre/actors/AutoCompleteChild.jsm, line 196: Error: Invalid autocomplete selectedIndex
1590276482717	Marionette	INFO	Stopped listening on port 56766

###!!! [Child][RunMessage] Error: Channel closing: too late to send/recv, messages will be lost


###!!! [Child][MessageChannel::SendAndWait] Error: Channel error: cannot send/recv

1590523099320	mozrunner::runner	INFO	Running command: "C:\\Program Files\\Firefox Developer Edition\\firefox.exe" "-marionette" "-foreground" "-no-remote" "-profile" "C:\\Users\\Youcode\\AppData\\Local\\Temp\\rust_mozprofileYqufaP"
JavaScript error: resource://gre/modules/XULStore.jsm, line 66: Error: Can't find profile directory.
1590523102402	Marionette	INFO	Listening on port 60104
1590523102542	Marionette	WARN	TLS certificate errors will be ignored for this session
1590523119271	Marionette	INFO	Stopped listening on port 60104

###!!! [Child][RunMessage] Error: Channel closing: too late to send/recv, messages will be lost


###!!! [Child][MessageChannel::SendAndWait] Error: Channel error: cannot send/recv

1590523140291	mozrunner::runner	INFO	Running command: "C:\\Program Files\\Firefox Developer Edition\\firefox.exe" "-marionette" "-foreground" "-no-remote" "-profile" "C:\\Users\\Youcode\\AppData\\Local\\Temp\\rust_mozprofile6lod3X"
JavaScript error: resource://gre/modules/XULStore.jsm, line 66: Error: Can't find profile directory.
1590523142863	Marionette	INFO	Listening on port 60163
1590523143010	Marionette	WARN	TLS certificate errors will be ignored for this session
1590523940649	Marionette	INFO	Stopped listening on port 60163

###!!! [Child][RunMessage] Error: Channel closing: too late to send/recv, messages will be lost


###!!! [Child][MessageChannel::SendAndWait] Error: Channel error: cannot send/recv

source://gre/modules/XULStore.jsm, line 66: Error: Can't find profile directory.
1590523178045	Marionette	INFO	Listening on port 60219
1590523178092	Marionette	WARN	TLS certificate errors will be ignored for this session
console.error: "Store does not have a valid reducer. Make sure the argument passed to combineReducers is an object whose values are reducers."
*************************
A coding exception was thrown in a Promise resolution callback.
See https://developer.mozilla.org/Mozilla/JavaScript_code_modules/Promise.jsm/Promise

Full message: TypeError: can't access property "elt", container.editor is undefined
Full stack: showNode/<@resource://devtools/client/inspector/markup/markup.js:1573:9
process@resource://gre/modules/Promise-backend.js:961:38
walkerLoop@resource://gre/modules/Promise-backend.js:845:29
Promise*scheduleWalkerLoop@resource://gre/modules/Promise-backend.js:775:19
schedulePromise@resource://gre/modules/Promise-backend.js:809:12
Promise.prototype.then@resource://gre/modules/Promise-backend.js:483:19
showNode@resource://devtools/client/inspector/markup/markup.js:1565:8
_onToolboxPickerHover@resource://devtools/client/inspector/markup/markup.js:441:10
_emit@resource://devtools/shared/event-emitter.js:226:34
emit@resource://devtools/shared/event-emitter.js:172:18
emit@resource://devtools/shared/event-emitter.js:324:18
_onHovered@resource://devtools/client/inspector/node-picker.js:139:10
_emit@resource://devtools/shared/event-emitter.js:226:34
emit@resource://devtools/shared/event-emitter.js:172:18
emit@resource://devtools/shared/event-emitter.js:324:18
onPacket@resource://devtools/shared/protocol/Front.js:294:13
onPacket@resource://devtools/client/devtools-client.js:493:13
send/<@resource://devtools/shared/transport/local-transport.js:68:25
exports.makeInfallible/<@resource://devtools/shared/ThreadSafeDevToolsUtils.js:103:22
exports.makeInfallible/<@resource://devtools/shared/ThreadSafeDevToolsUtils.js:103:22

*************************
console.error: (new TypeError("can't access property \"elt\", container.editor is undefined", "resource://devtools/client/inspector/markup/markup.js", 1573))
1590523941728	Marionette	INFO	Stopped listening on port 60219

###!!! [Child][MessageChannel::SendAndWait] Error: Channel error: cannot send/recv

te" "-profile" "C:\\Users\\Youcode\\AppData\\Local\\Temp\\rust_mozprofilebn6zA8"
JavaScript error: resource://gre/modules/XULStore.jsm, line 66: Error: Can't find profile directory.
1590523940348	Marionette	INFO	Listening on port 60456
1590523940705	Marionette	WARN	TLS certificate errors will be ignored for this session
1590523942226	Marionette	INFO	Stopped listening on port 60456

###!!! [Child][RunMessage] Error: Channel closing: too late to send/recv, messages will be lost


###!!! [Child][MessageChannel::SendAndWait] Error: Channel error: cannot send/recv

1590523947330	mozrunner::runner	INFO	Running command: "C:\\Program Files\\Firefox Developer Edition\\firefox.exe" "-marionette" "-foreground" "-no-remote" "-profile" "C:\\Users\\Youcode\\AppData\\Local\\Temp\\rust_mozprofile6Op6ie"
JavaScript error: resource://gre/modules/XULStore.jsm, line 66: Error: Can't find profile directory.
1590523949749	Marionette	INFO	Listening on port 60501
1590523950055	Marionette	WARN	TLS certificate errors will be ignored for this session
1590523993985	Marionette	INFO	Stopped listening on port 60501

###!!! [Child][MessageChannel::SendAndWait] Error: Channel error: cannot send/recv

1590523997877	mozrunner::runner	INFO	Running command: "C:\\Program Files\\Firefox Developer Edition\\firefox.exe" "-marionette" "-foreground" "-no-remote" "-profile" "C:\\Users\\Youcode\\AppData\\Local\\Temp\\rust_mozprofilecWRJzy"
JavaScript error: resource://gre/modules/XULStore.jsm, line 66: Error: Can't find profile directory.
1590523999975	Marionette	INFO	Listening on port 60582
1590523999996	Marionette	WARN	TLS certificate errors will be ignored for this session
console.error: "Store does not have a valid reducer. Make sure the argument passed to combineReducers is an object whose values are reducers."
1590524259158	Marionette	INFO	Stopped listening on port 60582

###!!! [Child][RunMessage] Error: Channel closing: too late to send/recv, messages will be lost


###!!! [Child][MessageChannel::SendAndWait] Error: Channel error: cannot send/recv

128990	Marionette	WARN	TLS certificate errors will be ignored for this session
1590524260455	Marionette	INFO	Stopped listening on port 60718

###!!! [Child][RunMessage] Error: Channel closing: too late to send/recv, messages will be lost


###!!! [Child][MessageChannel::SendAndWait] Error: Channel error: cannot send/recv

1590524280731	mozrunner::runner	INFO	Running command: "C:\\Program Files\\Firefox Developer Edition\\firefox.exe" "-marionette" "-foreground" "-no-remote" "-profile" "C:\\Users\\Youcode\\AppData\\Local\\Temp\\rust_mozprofilePJJJcQ"
JavaScript error: resource://gre/modules/XULStore.jsm, line 66: Error: Can't find profile directory.
1590524283255	Marionette	INFO	Listening on port 60826
1590524283459	Marionette	WARN	TLS certificate errors will be ignored for this session
console.error: "Store does not have a valid reducer. Make sure the argument passed to combineReducers is an object whose values are reducers."
JavaScript error: resource://devtools/server/actors/stylesheets.js, line 396: TypeError: can't access property "removeEventListener", this.ownerNode is null
JavaScript error: resource://devtools/server/actors/stylesheets.js, line 396: TypeError: can't access property "removeEventListener", this.ownerNode is null
1590524589332	Marionette	INFO	Stopped listening on port 60826

###!!! [Child][RunMessage] Error: Channel closing: too late to send/recv, messages will be lost


###!!! [Child][MessageChannel::SendAndWait] Error: Channel error: cannot send/recv

source://gre/modules/XULStore.jsm, line 66: Error: Can't find profile directory.
1590524425755	Marionette	INFO	Listening on port 60927
1590524426120	Marionette	WARN	TLS certificate errors will be ignored for this session

###!!! [Child][MessageChannel] Error: (msgtype=0x6A0029,name=PNecko::Msg_RemoveRequestContext) Channel closing: too late to send/recv, messages will be lost

1590524832227	Marionette	INFO	Stopped listening on port 60927

###!!! [Child][RunMessage] Error: Channel closing: too late to send/recv, messages will be lost


###!!! [Child][MessageChannel::SendAndWait] Error: Channel error: cannot send/recv

WARN	TLS certificate errors will be ignored for this session
1590524836487	Marionette	INFO	Stopped listening on port 61015

###!!! [Child][RunMessage] Error: Channel closing: too late to send/recv, messages will be lost


###!!! [Child][MessageChannel::SendAndWait] Error: Channel error: cannot send/recv

source://gre/modules/XULStore.jsm, line 66: Error: Can't find profile directory.
1590524803280	Marionette	INFO	Listening on port 61164
1590524803506	Marionette	WARN	TLS certificate errors will be ignored for this session
JavaScript error: resource://gre/modules/NetworkGeolocationProvider.jsm, line 555: TypeError: can't access property "lat", xhr.response.location is undefined
JavaScript error: resource://gre/modules/NetworkGeolocationProvider.jsm, line 555: TypeError: can't access property "lat", xhr.response.location is undefined
1590524835348	Marionette	INFO	Stopped listening on port 61164

###!!! [Child][RunMessage] Error: Channel closing: too late to send/recv, messages will be lost


###!!! [Child][MessageChannel::SendAndWait] Error: Channel error: cannot send/recv

source://gre/modules/XULStore.jsm, line 66: Error: Can't find profile directory.
1590524834286	Marionette	INFO	Listening on port 61240
1590524834716	Marionette	WARN	TLS certificate errors will be ignored for this session
1590524886657	Marionette	INFO	Stopped listening on port 61240

###!!! [Child][RunMessage] Error: Channel closing: too late to send/recv, messages will be lost


###!!! [Child][MessageChannel::SendAndWait] Error: Channel error: cannot send/recv

1590525163413	mozrunner::runner	INFO	Running command: "C:\\Program Files\\Firefox Developer Edition\\firefox.exe" "-marionette" "-foreground" "-no-remote" "-profile" "C:\\Users\\Youcode\\AppData\\Local\\Temp\\rust_mozprofilejCGMiV"
JavaScript error: resource://gre/modules/XULStore.jsm, line 66: Error: Can't find profile directory.
1590525165849	Marionette	INFO	Listening on port 61484
1590525166124	Marionette	WARN	TLS certificate errors will be ignored for this session
JavaScript error: resource://gre/modules/URIFixup.jsm, line 203: NS_ERROR_FAILURE: Should pass a non-null uri
1590525217817	Marionette	INFO	Stopped listening on port 61484

###!!! [Child][RunMessage] Error: Channel closing: too late to send/recv, messages will be lost


###!!! [Child][MessageChannel::SendAndWait] Error: Channel error: cannot send/recv

1590525495706	mozrunner::runner	INFO	Running command: "C:\\Program Files\\Firefox Developer Edition\\firefox.exe" "-marionette" "-foreground" "-no-remote" "-profile" "C:\\Users\\Youcode\\AppData\\Local\\Temp\\rust_mozprofileygcrzI"
JavaScript error: resource://gre/modules/XULStore.jsm, line 66: Error: Can't find profile directory.
1590525497922	Marionette	INFO	Listening on port 61618
1590525498420	Marionette	WARN	TLS certificate errors will be ignored for this session
1590525509381	Marionette	INFO	Stopped listening on port 61618

###!!! [Child][RunMessage] Error: Channel closing: too late to send/recv, messages will be lost


###!!! [Child][RunMessage] Error: Channel closing: too late to send/recv, messages will be lost


###!!! [Child][MessageChannel::SendAndWait] Error: Channel error: cannot send/recv

1590526188126	mozrunner::runner	INFO	Running command: "C:\\Program Files\\Firefox Developer Edition\\firefox.exe" "-marionette" "-foreground" "-no-remote" "-profile" "C:\\Users\\Youcode\\AppData\\Local\\Temp\\rust_mozprofiletcPq5p"
JavaScript error: resource://gre/modules/XULStore.jsm, line 66: Error: Can't find profile directory.
1590526190842	Marionette	INFO	Listening on port 61779
1590526190853	Marionette	WARN	TLS certificate errors will be ignored for this session

###!!! [Child][RunMessage] Error: Channel closing: too late to send/recv, messages will be lost

1590526197957	Marionette	INFO	Stopped listening on port 61779

###!!! [Child][RunMessage] Error: Channel closing: too late to send/recv, messages will be lost


###!!! [Child][MessageChannel::SendAndWait] Error: Channel error: cannot send/recv

1590527004586	mozrunner::runner	INFO	Running command: "C:\\Program Files\\Firefox Developer Edition\\firefox.exe" "-marionette" "-foreground" "-no-remote" "-profile" "C:\\Users\\Youcode\\AppData\\Local\\Temp\\rust_mozprofileAOAqHy"
JavaScript error: resource://gre/modules/XULStore.jsm, line 66: Error: Can't find profile directory.
1590527008263	Marionette	INFO	Listening on port 62073
1590527008408	Marionette	WARN	TLS certificate errors will be ignored for this session
1590527012219	mozrunner::runner	INFO	Running command: "C:\\Program Files\\Firefox Developer Edition\\firefox.exe" "-marionette" "-foreground" "-no-remote" "-profile" "C:\\Users\\Youcode\\AppData\\Local\\Temp\\rust_mozprofile2aY2Yv"
JavaScript error: resource://gre/modules/XULStore.jsm, line 66: Error: Can't find profile directory.
1590527014844	Marionette	INFO	Listening on port 62118
1590527014937	Marionette	WARN	TLS certificate errors will be ignored for this session
1590527076971	Marionette	INFO	Stopped listening on port 62118

###!!! [Child][RunMessage] Error: Channel closing: too late to send/recv, messages will be lost


###!!! [Child][MessageChannel::SendAndWait] Error: Channel error: cannot send/recv

source://gre/modules/XULStore.jsm, line 66: Error: Can't find profile directory.
1590527077538	Marionette	INFO	Listening on port 62172
1590527077647	Marionette	WARN	TLS certificate errors will be ignored for this session
1590527081454	mozrunner::runner	INFO	Running command: "C:\\Program Files\\Firefox Developer Edition\\firefox.exe" "-marionette" "-foreground" "-no-remote" "-profile" "C:\\Users\\Youcode\\AppData\\Local\\Temp\\rust_mozprofileGzZLU8"
JavaScript error: resource://gre/modules/XULStore.jsm, line 66: Error: Can't find profile directory.
1590527083692	Marionette	INFO	Listening on port 62211
1590527084180	Marionette	WARN	TLS certificate errors will be ignored for this session
1590527086161	Marionette	INFO	Stopped listening on port 62211

###!!! [Child][MessageChannel::SendAndWait] Error: Channel error: cannot send/recv

1590527191373	mozrunner::runner	INFO	Running command: "C:\\Program Files\\Firefox Developer Edition\\firefox.exe" "-marionette" "-foreground" "-no-remote" "-profile" "C:\\Users\\Youcode\\AppData\\Local\\Temp\\rust_mozprofileL51p08"
JavaScript error: resource://gre/modules/XULStore.jsm, line 66: Error: Can't find profile directory.
1590527193935	Marionette	INFO	Listening on port 62297
1590527194088	Marionette	WARN	TLS certificate errors will be ignored for this session
1590527392583	Marionette	INFO	Stopped listening on port 62297

###!!! [Child][RunMessage] Error: Channel closing: too late to send/recv, messages will be lost


###!!! [Child][MessageChannel::SendAndWait] Error: Channel error: cannot send/recv

source://gre/modules/XULStore.jsm, line 66: Error: Can't find profile directory.
1590527222987	Marionette	INFO	Listening on port 62342
1590527223050	Marionette	WARN	TLS certificate errors will be ignored for this session
1590527393461	Marionette	INFO	Stopped listening on port 62342

###!!! [Child][RunMessage] Error: Channel closing: too late to send/recv, messages will be lost


###!!! [Child][MessageChannel::SendAndWait] Error: Channel error: cannot send/recv

source://gre/modules/XULStore.jsm, line 66: Error: Can't find profile directory.
1590527256737	Marionette	INFO	Listening on port 62386
1590527257135	Marionette	WARN	TLS certificate errors will be ignored for this session
1590527260984	mozrunner::runner	INFO	Running command: "C:\\Program Files\\Firefox Developer Edition\\firefox.exe" "-marionette" "-foreground" "-no-remote" "-profile" "C:\\Users\\Youcode\\AppData\\Local\\Temp\\rust_mozprofileQmpfc5"
JavaScript error: resource://gre/modules/XULStore.jsm, line 66: Error: Can't find profile directory.
1590527263810	Marionette	INFO	Listening on port 62436
1590527264204	Marionette	WARN	TLS certificate errors will be ignored for this session
1590527394212	Marionette	INFO	Stopped listening on port 62436

###!!! [Child][RunMessage] Error: Channel closing: too late to send/recv, messages will be lost


###!!! [Child][MessageChannel::SendAndWait] Error: Channel error: cannot send/recv

source://gre/modules/XULStore.jsm, line 66: Error: Can't find profile directory.
1590527320948	Marionette	INFO	Listening on port 62505
1590527321062	Marionette	WARN	TLS certificate errors will be ignored for this session
1590527394889	Marionette	INFO	Stopped listening on port 62505

###!!! [Child][MessageChannel::SendAndWait] Error: Channel error: cannot send/recv

te" "-profile" "C:\\Users\\Youcode\\AppData\\Local\\Temp\\rust_mozprofilegFko3K"
JavaScript error: resource://gre/modules/XULStore.jsm, line 66: Error: Can't find profile directory.
1590527335195	Marionette	INFO	Listening on port 62562
1590527335705	Marionette	WARN	TLS certificate errors will be ignored for this session
1590527395762	Marionette	INFO	Stopped listening on port 62562

###!!! [Child][RunMessage] Error: Channel closing: too late to send/recv, messages will be lost


###!!! [Child][MessageChannel::SendAndWait] Error: Channel error: cannot send/recv

source://gre/modules/XULStore.jsm, line 66: Error: Can't find profile directory.
1590527365434	Marionette	INFO	Listening on port 62619
1590527365633	Marionette	WARN	TLS certificate errors will be ignored for this session
1590527397025	Marionette	INFO	Stopped listening on port 62619

###!!! [Child][MessageChannel::SendAndWait] Error: Channel error: cannot send/recv

1590527406967	mozrunner::runner	INFO	Running command: "C:\\Program Files\\Firefox Developer Edition\\firefox.exe" "-marionette" "-foreground" "-no-remote" "-profile" "C:\\Users\\Youcode\\AppData\\Local\\Temp\\rust_mozprofileis5LOW"
JavaScript error: resource://gre/modules/XULStore.jsm, line 66: Error: Can't find profile directory.
1590527409752	Marionette	INFO	Listening on port 62693
1590527414323	mozrunner::runner	INFO	Running command: "C:\\Program Files\\Firefox Developer Edition\\firefox.exe" "-marionette" "-foreground" "-no-remote" "-profile" "C:\\Users\\Youcode\\AppData\\Local\\Temp\\rust_mozprofileXwV708"
JavaScript error: resource://gre/modules/XULStore.jsm, line 66: Error: Can't find profile directory.
1590527417198	Marionette	INFO	Listening on port 62731
1590527417608	Marionette	WARN	TLS certificate errors will be ignored for this session
1590527418158	Marionette	INFO	Stopped listening on port 62731

###!!! [Child][RunMessage] Error: Channel closing: too late to send/recv, messages will be lost


###!!! [Child][MessageChannel::SendAndWait] Error: Channel error: cannot send/recv

1590527438073	mozrunner::runner	INFO	Running command: "C:\\Program Files\\Firefox Developer Edition\\firefox.exe" "-marionette" "-foreground" "-no-remote" "-profile" "C:\\Users\\Youcode\\AppData\\Local\\Temp\\rust_mozprofilepMz5za"
JavaScript error: resource://gre/modules/XULStore.jsm, line 66: Error: Can't find profile directory.
1590527441280	Marionette	INFO	Listening on port 62776
1590527441319	Marionette	WARN	TLS certificate errors will be ignored for this session
1590527485952	Marionette	INFO	Stopped listening on port 62776

###!!! [Child][RunMessage] Error: Channel closing: too late to send/recv, messages will be lost


###!!! [Child][MessageChannel::SendAndWait] Error: Channel error: cannot send/recv

source://gre/modules/XULStore.jsm, line 66: Error: Can't find profile directory.
1590527448820	Marionette	INFO	Listening on port 62820
1590527448852	Marionette	WARN	TLS certificate errors will be ignored for this session
1590527486751	Marionette	INFO	Stopped listening on port 62820

###!!! [Child][MessageChannel::SendAndWait] Error: Channel error: cannot send/recv

te" "-profile" "C:\\Users\\Youcode\\AppData\\Local\\Temp\\rust_mozprofileLTzm8b"
JavaScript error: resource://gre/modules/XULStore.jsm, line 66: Error: Can't find profile directory.
1590527475390	Marionette	INFO	Listening on port 62878
1590527475540	Marionette	WARN	TLS certificate errors will be ignored for this session
1590527487555	Marionette	INFO	Stopped listening on port 62878

###!!! [Child][RunMessage] Error: Channel closing: too late to send/recv, messages will be lost


###!!! [Child][MessageChannel::SendAndWait] Error: Channel error: cannot send/recv

1590527492720	mozrunner::runner	INFO	Running command: "C:\\Program Files\\Firefox Developer Edition\\firefox.exe" "-marionette" "-foreground" "-no-remote" "-profile" "C:\\Users\\Youcode\\AppData\\Local\\Temp\\rust_mozprofileV690rT"
JavaScript error: resource://gre/modules/XULStore.jsm, line 66: Error: Can't find profile directory.
1590527495551	Marionette	INFO	Listening on port 62933
1590527495933	Marionette	WARN	TLS certificate errors will be ignored for this session
1590527529489	Marionette	INFO	Stopped listening on port 62933

###!!! [Child][RunMessage] Error: Channel closing: too late to send/recv, messages will be lost


###!!! [Child][MessageChannel::SendAndWait] Error: Channel error: cannot send/recv

source://gre/modules/XULStore.jsm, line 66: Error: Can't find profile directory.
1590527502374	Marionette	INFO	Listening on port 62987
1590527502511	Marionette	WARN	TLS certificate errors will be ignored for this session
JavaScript error: resource://gre/modules/NetworkGeolocationProvider.jsm, line 555: TypeError: can't access property "lat", xhr.response.location is undefined
1590527530377	Marionette	INFO	Stopped listening on port 62987

###!!! [Child][RunMessage] Error: Channel closing: too late to send/recv, messages will be lost


###!!! [Child][MessageChannel::SendAndWait] Error: Channel error: cannot send/recv

source://gre/modules/XULStore.jsm, line 66: Error: Can't find profile directory.
1590527529698	Marionette	INFO	Listening on port 63040
1590527530170	Marionette	WARN	TLS certificate errors will be ignored for this session

###!!! [Parent][MessageChannel] Error: (msgtype=0xA000E,name=PBackgroundIDBDatabase::Msg_CloseAfterInvalidationComplete) Channel error: cannot send/recv

1590527531120	Marionette	INFO	Stopped listening on port 63040

###!!! [Child][RunMessage] Error: Channel closing: too late to send/recv, messages will be lost


###!!! [Child][MessageChannel::SendAndWait] Error: Channel error: cannot send/recv

1590527600641	mozrunner::runner	INFO	Running command: "C:\\Program Files\\Firefox Developer Edition\\firefox.exe" "-marionette" "-foreground" "-no-remote" "-profile" "C:\\Users\\Youcode\\AppData\\Local\\Temp\\rust_mozprofilentQGrc"
JavaScript error: resource://gre/modules/XULStore.jsm, line 66: Error: Can't find profile directory.
1590527603024	Marionette	INFO	Listening on port 63091
1590527603352	Marionette	WARN	TLS certificate errors will be ignored for this session
1590527631884	Marionette	INFO	Stopped listening on port 63091

###!!! [Child][RunMessage] Error: Channel closing: too late to send/recv, messages will be lost


###!!! [Child][MessageChannel::SendAndWait] Error: Channel error: cannot send/recv

source://gre/modules/XULStore.jsm, line 66: Error: Can't find profile directory.
1590527609703	Marionette	INFO	Listening on port 63135
1590527609744	Marionette	WARN	TLS certificate errors will be ignored for this session
1590527632824	Marionette	INFO	Stopped listening on port 63135

###!!! [Child][RunMessage] Error: Channel closing: too late to send/recv, messages will be lost


###!!! [Child][MessageChannel::SendAndWait] Error: Channel error: cannot send/recv

1590527644613	mozrunner::runner	INFO	Running command: "C:\\Program Files\\Firefox Developer Edition\\firefox.exe" "-marionette" "-foreground" "-no-remote" "-profile" "C:\\Users\\Youcode\\AppData\\Local\\Temp\\rust_mozprofileS06FPJ"
JavaScript error: resource://gre/modules/XULStore.jsm, line 66: Error: Can't find profile directory.
1590527647356	Marionette	INFO	Listening on port 63192
1590527647827	Marionette	WARN	TLS certificate errors will be ignored for this session
console.warn: services.settings: main/cfr-fxa sync interrupted by shutdown
1590527651288	Marionette	INFO	Stopped listening on port 63192

###!!! [Child][MessageChannel::SendAndWait] Error: Channel error: cannot send/recv

1590527660268	mozrunner::runner	INFO	Running command: "C:\\Program Files\\Firefox Developer Edition\\firefox.exe" "-marionette" "-foreground" "-no-remote" "-profile" "C:\\Users\\Youcode\\AppData\\Local\\Temp\\rust_mozprofile61Jggy"
JavaScript error: resource://gre/modules/XULStore.jsm, line 66: Error: Can't find profile directory.
1590527662608	Marionette	INFO	Listening on port 63231
1590527662980	Marionette	WARN	TLS certificate errors will be ignored for this session
1590527820623	Marionette	INFO	Stopped listening on port 63231

###!!! [Child][RunMessage] Error: Channel closing: too late to send/recv, messages will be lost


###!!! [Child][MessageChannel::SendAndWait] Error: Channel error: cannot send/recv

source://gre/modules/XULStore.jsm, line 66: Error: Can't find profile directory.
1590527669602	Marionette	INFO	Listening on port 63282
1590527669903	Marionette	WARN	TLS certificate errors will be ignored for this session
1590527736568	Marionette	INFO	Stopped listening on port 63282

###!!! [Child][RunMessage] Error: Channel closing: too late to send/recv, messages will be lost


###!!! [Child][MessageChannel::SendAndWait] Error: Channel error: cannot send/recv

1590527820703	mozrunner::runner	INFO	Running command: "C:\\Program Files\\Firefox Developer Edition\\firefox.exe" "-marionette" "-foreground" "-no-remote" "-profile" "C:\\Users\\Youcode\\AppData\\Local\\Temp\\rust_mozprofile7A8Pc8"
JavaScript error: resource://gre/modules/XULStore.jsm, line 66: Error: Can't find profile directory.
1590527823190	Marionette	INFO	Listening on port 63415
1590527823412	Marionette	WARN	TLS certificate errors will be ignored for this session
1590527827296	Marionette	INFO	Stopped listening on port 63415

###!!! [Child][RunMessage] Error: Channel closing: too late to send/recv, messages will be lost


###!!! [Child][MessageChannel::SendAndWait] Error: Channel error: JavaScript error: resource://gre/modules/XULStore.jsm, line 66: Error: Can't find profile directory.
1590527829243	Marionette	INFO	Listening on port 63455
1590527829334	Marionette	WARN	TLS certificate errors will be ignored for this session
1590527995106	Marionette	INFO	Stopped listening on port 63455

###!!! [Child][MessageChannel::SendAndWait] Error: Channel error: cannot send/recv

te" "-profile" "C:\\Users\\Youcode\\AppData\\Local\\Temp\\rust_mozprofileTGKf07"
JavaScript error: resource://gre/modules/XULStore.jsm, line 66: Error: Can't find profile directory.
1590527924813	Marionette	INFO	Listening on port 63530
1590527924950	Marionette	WARN	TLS certificate errors will be ignored for this session
1590527990053	Marionette	INFO	Stopped listening on port 63530

###!!! [Child][RunMessage] Error: Channel closing: too late to send/recv, messages will be lost


###!!! [Child][MessageChannel::SendAndWait] Error: Channel error: cannot send/recv

source://gre/modules/XULStore.jsm, line 66: Error: Can't find profile directory.
1590527955702	Marionette	INFO	Listening on port 63584
1590527956001	Marionette	WARN	TLS certificate errors will be ignored for this session
1590527993194	Marionette	INFO	Stopped listening on port 63584

###!!! [Child][RunMessage] Error: Channel closing: too late to send/recv, messages will be lost


###!!! [Child][MessageChannel::SendAndWait] Error: Channel error: cannot send/recv

source://gre/modules/XULStore.jsm, line 66: Error: Can't find profile directory.
1590527962787	Marionette	INFO	Listening on port 63632
1590527962948	Marionette	WARN	TLS certificate errors will be ignored for this session
JavaScript error: resource://gre/modules/NetworkGeolocationProvider.jsm, line 555: TypeError: can't access property "lat", xhr.response.location is undefined
JavaScript error: resource://gre/modules/NetworkGeolocationProvider.jsm, line 555: TypeError: can't access property "lat", xhr.response.location is undefined
JavaScript error: resource://gre/modules/NetworkGeolocationProvider.jsm, line 555: TypeError: can't access property "lat", xhr.response.location is undefined
[Child 7004, Chrome_ChildThread] WARNING: pipe error: 232: file /builds/worker/checkouts/gecko/ipc/chromium/src/chrome/common/ipc_channel_win.cc, line 522
[Child 7004, Chrome_ChildThread] WARNING: pipe error: 232: file /builds/worker/checkouts/gecko/ipc/chromium/src/chrome/common/ipc_channel_win.cc, line 522
[Child 7004, Chrome_ChildThread] WARNING: pipe error: 232: file /builds/worker/checkouts/gecko/ipc/chromium/src/chrome/common/ipc_channel_win.cc, line 522
1590527994544	Marionette	INFO	Stopped listening on port 63632

###!!! [Child][MessageChannel::SendAndWait] Error: Channel error: cannot send/recv

1590528022893	mozrunner::runner	INFO	Running command: "C:\\Program Files\\Firefox Developer Edition\\firefox.exe" "-marionette" "-foreground" "-no-remote" "-profile" "C:\\Users\\Youcode\\AppData\\Local\\Temp\\rust_mozprofilerbCz4V"
JavaScript error: resource://gre/modules/XULStore.jsm, line 66: Error: Can't find profile directory.
1590528026050	Marionette	INFO	Listening on port 63730
1590528026105	Marionette	WARN	TLS certificate errors will be ignored for this session
1590528131465	Marionette	INFO	Stopped listening on port 63730

###!!! [Child][RunMessage] Error: Channel closing: too late to send/recv, messages will be lost


###!!! [Child][MessageChannel::SendAndWait] Error: Channel error: cannot send/recv

source://gre/modules/XULStore.jsm, line 66: Error: Can't find profile directory.
1590528033159	Marionette	INFO	Listening on port 63780
1590528033235	Marionette	WARN	TLS certificate errors will be ignored for this session
1590528059162	Marionette	INFO	Stopped listening on port 63780
[Child 22200, Chrome_ChildThread] WARNING: pipe error: 232: file /builds/worker/checkouts/gecko/ipc/chromium/src/chrome/common/ipc_channel_win.cc, line 522

###!!! [Child][MessageChannel::SendAndWait] Error: Channel error: cannot send/recv

1590528662116	mozrunner::runner	INFO	Running command: "C:\\Program Files\\Firefox Developer Edition\\firefox.exe" "-marionette" "-foreground" "-no-remote" "-profile" "C:\\Users\\Youcode\\AppData\\Local\\Temp\\rust_mozprofileU87Q8i"
JavaScript error: resource://gre/modules/XULStore.jsm, line 66: Error: Can't find profile directory.
1590528664442	Marionette	INFO	Listening on port 64033
1590528664836	Marionette	WARN	TLS certificate errors will be ignored for this session
1590528677275	Marionette	INFO	Stopped listening on port 64033

###!!! [Child][MessageChannel::SendAndWait] Error: Channel error: cannot send/recv

1590529033846	mozrunner::runner	INFO	Running command: "C:\\Program Files\\Firefox Developer Edition\\firefox.exe" "-marionette" "-foreground" "-no-remote" "-profile" "C:\\Users\\Youcode\\AppData\\Local\\Temp\\rust_mozprofileNZcaDH"
JavaScript error: resource://gre/modules/XULStore.jsm, line 66: Error: Can't find profile directory.
1590529036241	Marionette	INFO	Listening on port 64134
1590529036564	Marionette	WARN	TLS certificate errors will be ignored for this session
1590529043666	Marionette	INFO	Stopped listening on port 64134

###!!! [Child][MessageChannel::SendAndWait] Error: Channel error: cannot send/recv

1590529661516	mozrunner::runner	INFO	Running command: "C:\\Program Files\\Firefox Developer Edition\\firefox.exe" "-marionette" "-foreground" "-no-remote" "-profile" "C:\\Users\\Youcode\\AppData\\Local\\Temp\\rust_mozprofilefGNTwL"
JavaScript error: resource://gre/modules/XULStore.jsm, line 66: Error: Can't find profile directory.
1590529663956	Marionette	INFO	Listening on port 64294
1590529664230	Marionette	WARN	TLS certificate errors will be ignored for this session
1590529686205	Marionette	INFO	Stopped listening on port 64294
[Child 21800, Chrome_ChildThread] WARNING: pipe error: 232: file /builds/worker/checkouts/gecko/ipc/chromium/src/chrome/common/ipc_channel_win.cc, line 522

###!!! [Child][RunMessage] Error: Channel closing: too late to send/recv, messages will be lost


###!!! [Child][RunMessage] Error: Channel closing: too late to send/recv, messages will be lost


###!!! [Child][RunMessage] Error: Channel closing: too late to send/recv, messages will be lost


###!!! [Child][MessageChannel::SendAndWait] Error: Channel error: cannot send/recv

